0 verbose cli [
0 verbose cli   '/Users/jake.champion/.volta/tools/image/node/12.20.1/bin/node',
0 verbose cli   '/Users/jake.champion/.volta/tools/image/npm/7.20.5/bin/npm-cli.js',
0 verbose cli   'install',
0 verbose cli   '--save',
0 verbose cli   '--production',
0 verbose cli   '--offline',
0 verbose cli   '@financial-times/o-viewport@5.0.0-beta.0'
0 verbose cli ]
1 info using npm@7.20.5
2 info using node@v12.20.1
3 timing npm:load:whichnode Completed in 1ms
4 timing config:load:defaults Completed in 1ms
5 timing config:load:file:/Users/jake.champion/.volta/tools/image/npm/7.20.5/npmrc Completed in 1ms
6 timing config:load:builtin Completed in 1ms
7 verbose config production Use `--omit=dev` instead.
8 timing config:load:cli Completed in 3ms
9 timing config:load:env Completed in 1ms
10 timing config:load:file:/Users/jake.champion/Code/repo-data-cli/repos/origami-build-service/.npmrc Completed in 1ms
11 timing config:load:project Completed in 2ms
12 timing config:load:file:/Users/jake.champion/.npmrc Completed in 1ms
13 timing config:load:user Completed in 1ms
14 timing config:load:file:/Users/jake.champion/.volta/tools/image/node/12.20.1/etc/npmrc Completed in 0ms
15 timing config:load:global Completed in 0ms
16 timing config:load:validate Completed in 1ms
17 timing config:load:credentials Completed in 1ms
18 timing config:load:setEnvs Completed in 0ms
19 timing config:load Completed in 11ms
20 timing npm:load:configload Completed in 11ms
21 timing npm:load:setTitle Completed in 1ms
22 timing npm:load:setupLog Completed in 0ms
23 timing config:load:flatten Completed in 3ms
24 timing npm:load:cleanupLog Completed in 3ms
25 timing npm:load:configScope Completed in 0ms
26 timing npm:load:projectScope Completed in 1ms
27 timing npm:load Completed in 21ms
28 timing arborist:ctor Completed in 1ms
29 timing idealTree:init Completed in 1576ms
30 timing idealTree:userRequests Completed in 17ms
31 silly idealTree buildDeps
32 silly fetch manifest @financial-times/o-viewport@5.0.0-beta.0
33 timing arborist:ctor Completed in 0ms
34 http fetch GET 200 https://registry.npmjs.org/@financial-times%2fo-viewport 786ms (cache stale)
35 silly fetch manifest @financial-times/o-utils@^2.0.0
36 http fetch GET 200 https://registry.npmjs.org/@financial-times%2fo-utils 8ms (cache stale)
37 silly placeDep ROOT @financial-times/o-viewport@5.0.0-beta.0 REPLACE for: buildservice@3.9.0 want: 5.0.0-beta.0
38 timing idealTree:#root Completed in 817ms
39 silly fetch manifest @financial-times/o-viewport@^5.0.0
40 timing idealTree Completed in 2416ms
41 timing command:install Completed in 2442ms
42 verbose stack Error: could not resolve
42 verbose stack     at PlaceDep.failPeerConflict (/Users/jake.champion/.volta/tools/image/npm/7.20.5/node_modules/@npmcli/arborist/lib/place-dep.js:455:25)
42 verbose stack     at PlaceDep.place (/Users/jake.champion/.volta/tools/image/npm/7.20.5/node_modules/@npmcli/arborist/lib/place-dep.js:186:21)
42 verbose stack     at new PlaceDep (/Users/jake.champion/.volta/tools/image/npm/7.20.5/node_modules/@npmcli/arborist/lib/place-dep.js:67:10)
42 verbose stack     at /Users/jake.champion/.volta/tools/image/npm/7.20.5/node_modules/@npmcli/arborist/lib/arborist/build-ideal-tree.js:880:31
42 verbose stack     at Array.map (<anonymous>)
42 verbose stack     at Arborist.[buildDepStep] (/Users/jake.champion/.volta/tools/image/npm/7.20.5/node_modules/@npmcli/arborist/lib/arborist/build-ideal-tree.js:880:8)
42 verbose stack     at async Arborist.buildIdealTree (/Users/jake.champion/.volta/tools/image/npm/7.20.5/node_modules/@npmcli/arborist/lib/arborist/build-ideal-tree.js:203:7)
42 verbose stack     at async Promise.all (index 1)
42 verbose stack     at async Arborist.reify (/Users/jake.champion/.volta/tools/image/npm/7.20.5/node_modules/@npmcli/arborist/lib/arborist/reify.js:141:5)
42 verbose stack     at async Install.install (/Users/jake.champion/.volta/tools/image/npm/7.20.5/lib/install.js:150:5)
43 verbose cwd /Users/jake.champion/Code/repo-data-cli/repos/origami-build-service
44 verbose Darwin 19.6.0
45 verbose argv "/Users/jake.champion/.volta/tools/image/node/12.20.1/bin/node" "/Users/jake.champion/.volta/tools/image/npm/7.20.5/bin/npm-cli.js" "install" "--save" "--production" "--offline" "@financial-times/o-viewport@5.0.0-beta.0"
46 verbose node v12.20.1
47 verbose npm  v7.20.5
48 error code ERESOLVE
49 error ERESOLVE could not resolve
50 error
51 error While resolving: [1m@financial-times/o-expander[22m@[1m6.2.0[22m
51 error Found: [1m@financial-times/o-viewport[22m@[1m5.0.0-beta.0[22m[2m[22m
51 error [2mnode_modules/@financial-times/o-viewport[22m
51 error   [1m@financial-times/o-viewport[22m@"[1m5.0.0-beta.0[22m" from the root project
51 error   [35mpeer[39m [1m@financial-times/o-viewport[22m@"[1mprerelease[22m" from [1m@financial-times/o-cookie-message[22m@[1m6.0.0-beta.0[22m[2m[22m
51 error   [2mnode_modules/@financial-times/o-cookie-message[22m
51 error     [1m@financial-times/o-cookie-message[22m@"[1m^6.0.0-beta.0[22m" from the root project
51 error   3 more (@financial-times/o-footer, ...)
51 error
51 error Could not resolve dependency:
51 error [35mpeer[39m [1m@financial-times/o-viewport[22m@"[1m^5.0.0[22m" from [1m@financial-times/o-expander[22m@[1m6.2.0[22m[2m[22m
51 error [2mnode_modules/@financial-times/o-expander[22m
51 error   [35mpeer[39m [1m@financial-times/o-expander[22m@"[1mprerelease[22m" from [1m@financial-times/o-subs-card[22m@[1m5.0.0-beta.0[22m[2m[22m
51 error   [2mnode_modules/@financial-times/o-subs-card[22m
51 error     [1m@financial-times/o-subs-card[22m@"[1m^5.0.0-beta.0[22m" from the root project
51 error   [1m@financial-times/o-expander[22m@"[1m^6.0.0-beta.0[22m" from the root project
51 error
51 error Conflicting peer dependency: [1m@financial-times/o-viewport[22m@[1m5.1.0[22m[2m[22m
51 error [2mnode_modules/@financial-times/o-viewport[22m
51 error   [35mpeer[39m [1m@financial-times/o-viewport[22m@"[1m^5.0.0[22m" from [1m@financial-times/o-expander[22m@[1m6.2.0[22m[2m[22m
51 error   [2mnode_modules/@financial-times/o-expander[22m
51 error     [35mpeer[39m [1m@financial-times/o-expander[22m@"[1mprerelease[22m" from [1m@financial-times/o-subs-card[22m@[1m5.0.0-beta.0[22m[2m[22m
51 error     [2mnode_modules/@financial-times/o-subs-card[22m
51 error       [1m@financial-times/o-subs-card[22m@"[1m^5.0.0-beta.0[22m" from the root project
51 error     [1m@financial-times/o-expander[22m@"[1m^6.0.0-beta.0[22m" from the root project
51 error
51 error Fix the upstream dependency conflict, or retry
51 error this command with --force, or --legacy-peer-deps
51 error to accept an incorrect (and potentially broken) dependency resolution.
51 error
51 error See /Users/jake.champion/Code/repo-data-cli/repos/origami-build-service/cache/eresolve-report.txt for a full report.
52 verbose exit 1
