0 verbose cli [
0 verbose cli   '/Users/jake.champion/.volta/tools/image/node/12.20.1/bin/node',
0 verbose cli   '/Users/jake.champion/.volta/tools/image/npm/7.20.5/bin/npm-cli.js',
0 verbose cli   'install',
0 verbose cli   '--save',
0 verbose cli   '--production',
0 verbose cli   '--offline',
0 verbose cli   '@financial-times/o-visual-effects@4.0.0'
0 verbose cli ]
1 info using npm@7.20.5
2 info using node@v12.20.1
3 timing npm:load:whichnode Completed in 1ms
4 timing config:load:defaults Completed in 3ms
5 timing config:load:file:/Users/jake.champion/.volta/tools/image/npm/7.20.5/npmrc Completed in 1ms
6 timing config:load:builtin Completed in 1ms
7 verbose config production Use `--omit=dev` instead.
8 timing config:load:cli Completed in 5ms
9 timing config:load:env Completed in 1ms
10 timing config:load:file:/Users/jake.champion/Code/repo-data-cli/repos/origami-build-service/.npmrc Completed in 1ms
11 timing config:load:project Completed in 3ms
12 timing config:load:file:/Users/jake.champion/.npmrc Completed in 1ms
13 timing config:load:user Completed in 1ms
14 timing config:load:file:/Users/jake.champion/.volta/tools/image/node/12.20.1/etc/npmrc Completed in 0ms
15 timing config:load:global Completed in 0ms
16 timing config:load:validate Completed in 1ms
17 timing config:load:credentials Completed in 5ms
18 timing config:load:setEnvs Completed in 5ms
19 timing config:load Completed in 25ms
20 timing npm:load:configload Completed in 25ms
21 timing npm:load:setTitle Completed in 0ms
22 timing npm:load:setupLog Completed in 1ms
23 timing config:load:flatten Completed in 5ms
24 timing npm:load:cleanupLog Completed in 5ms
25 timing npm:load:configScope Completed in 0ms
26 timing npm:load:projectScope Completed in 4ms
27 timing npm:load Completed in 44ms
28 timing arborist:ctor Completed in 1ms
29 timing idealTree:init Completed in 1283ms
30 timing idealTree:userRequests Completed in 19ms
31 silly idealTree buildDeps
32 silly fetch manifest @financial-times/o-visual-effects@4.0.0
33 timing arborist:ctor Completed in 0ms
34 http fetch GET 200 https://registry.npmjs.org/@financial-times%2fo-visual-effects 867ms (cache stale)
35 silly fetch manifest @financial-times/o-colors@^6.0.1
36 http fetch GET 200 https://registry.npmjs.org/@financial-times%2fo-colors 3ms (cache stale)
37 silly fetch manifest @financial-times/math@^1.1.0
38 http fetch GET 200 https://registry.npmjs.org/@financial-times%2fmath 4ms (cache stale)
39 silly fetch manifest mathsass@0.10.1
40 http fetch GET 200 https://registry.npmjs.org/mathsass 3ms (cache stale)
41 silly fetch manifest @financial-times/o-brand@^4.1.0
42 http fetch GET 200 https://registry.npmjs.org/@financial-times%2fo-brand 3ms (cache stale)
43 silly placeDep ROOT @financial-times/o-visual-effects@4.0.0 REPLACE for: buildservice@3.9.0 want: 4.0.0
44 timing idealTree:#root Completed in 907ms
45 silly fetch manifest @financial-times/o-visual-effects@^4.0.1
46 silly fetch manifest @financial-times/math@^1.0.0
47 silly fetch manifest @financial-times/o-brand@^4.0.2
48 timing idealTree Completed in 2216ms
49 timing command:install Completed in 2235ms
50 verbose stack Error: could not resolve
50 verbose stack     at PlaceDep.failPeerConflict (/Users/jake.champion/.volta/tools/image/npm/7.20.5/node_modules/@npmcli/arborist/lib/place-dep.js:455:25)
50 verbose stack     at PlaceDep.place (/Users/jake.champion/.volta/tools/image/npm/7.20.5/node_modules/@npmcli/arborist/lib/place-dep.js:186:21)
50 verbose stack     at new PlaceDep (/Users/jake.champion/.volta/tools/image/npm/7.20.5/node_modules/@npmcli/arborist/lib/place-dep.js:67:10)
50 verbose stack     at /Users/jake.champion/.volta/tools/image/npm/7.20.5/node_modules/@npmcli/arborist/lib/arborist/build-ideal-tree.js:880:31
50 verbose stack     at Array.map (<anonymous>)
50 verbose stack     at Arborist.[buildDepStep] (/Users/jake.champion/.volta/tools/image/npm/7.20.5/node_modules/@npmcli/arborist/lib/arborist/build-ideal-tree.js:880:8)
50 verbose stack     at async Arborist.buildIdealTree (/Users/jake.champion/.volta/tools/image/npm/7.20.5/node_modules/@npmcli/arborist/lib/arborist/build-ideal-tree.js:203:7)
50 verbose stack     at async Promise.all (index 1)
50 verbose stack     at async Arborist.reify (/Users/jake.champion/.volta/tools/image/npm/7.20.5/node_modules/@npmcli/arborist/lib/arborist/reify.js:141:5)
50 verbose stack     at async Install.install (/Users/jake.champion/.volta/tools/image/npm/7.20.5/lib/install.js:150:5)
51 verbose cwd /Users/jake.champion/Code/repo-data-cli/repos/origami-build-service
52 verbose Darwin 19.6.0
53 verbose argv "/Users/jake.champion/.volta/tools/image/node/12.20.1/bin/node" "/Users/jake.champion/.volta/tools/image/npm/7.20.5/bin/npm-cli.js" "install" "--save" "--production" "--offline" "@financial-times/o-visual-effects@4.0.0"
54 verbose node v12.20.1
55 verbose npm  v7.20.5
56 error code ERESOLVE
57 error ERESOLVE could not resolve
58 error
59 error While resolving: [1m@financial-times/o-autocomplete[22m@[1m1.0.0[22m
59 error Found: [1m@financial-times/o-visual-effects[22m@[1m4.0.0[22m[2m[22m
59 error [2mnode_modules/@financial-times/o-visual-effects[22m
59 error   [1m@financial-times/o-visual-effects[22m@"[1m4.0.0[22m" from the root project
59 error   [35mpeer[39m [1m@financial-times/o-visual-effects[22m@"[1mprerelease[22m" from [1m@financial-times/o-banner[22m@[1m4.0.0-beta.0[22m[2m[22m
59 error   [2mnode_modules/@financial-times/o-banner[22m
59 error     [1m@financial-times/o-banner[22m@"[1m^4.0.0-beta.0[22m" from the root project
59 error   6 more (@financial-times/o-cookie-message, ...)
59 error
59 error Could not resolve dependency:
59 error [35mpeer[39m [1m@financial-times/o-visual-effects[22m@"[1m^4.0.1[22m" from [1m@financial-times/o-autocomplete[22m@[1m1.0.0[22m[2m[22m
59 error [2mnode_modules/@financial-times/o-autocomplete[22m
59 error   [1m@financial-times/o-autocomplete[22m@"[1m^1.0.0[22m" from the root project
59 error
59 error Conflicting peer dependency: [1m@financial-times/o-visual-effects[22m@[1m4.1.0[22m[2m[22m
59 error [2mnode_modules/@financial-times/o-visual-effects[22m
59 error   [35mpeer[39m [1m@financial-times/o-visual-effects[22m@"[1m^4.0.1[22m" from [1m@financial-times/o-autocomplete[22m@[1m1.0.0[22m[2m[22m
59 error   [2mnode_modules/@financial-times/o-autocomplete[22m
59 error     [1m@financial-times/o-autocomplete[22m@"[1m^1.0.0[22m" from the root project
59 error
59 error Fix the upstream dependency conflict, or retry
59 error this command with --force, or --legacy-peer-deps
59 error to accept an incorrect (and potentially broken) dependency resolution.
59 error
59 error See /Users/jake.champion/Code/repo-data-cli/repos/origami-build-service/cache/eresolve-report.txt for a full report.
60 verbose exit 1
